Using pre-set license
Built from '2021.3/staging' branch; Version is '2021.3.15f1 (e8e88683f834) revision 15263878'; Using compiler version '192829333'; Build Type 'Release'
OS: 'Windows 10  (10.0.19045) 64bit Core' Language: 'ru' Physical Memory: 16348 MB
BatchMode: 1, IsHumanControllingUs: 0, StartBugReporterOnCrash: 0, Is64bit: 1, IsPro: 1

COMMAND LINE ARGUMENTS:
C:\Program Files\Unity\Hub\Editor\2021.3.15f1\Editor\Unity.exe
-adb2
-batchMode
-noUpm
-name
AssetImportWorker0
-projectPath
C:/Users/h4sk1/Documents/GitHub/Diploma/Diploma
-logFile
Logs/AssetImportWorker0.log
-srvPort
61203
Successfully changed project path to: C:/Users/h4sk1/Documents/GitHub/Diploma/Diploma
C:/Users/h4sk1/Documents/GitHub/Diploma/Diploma
[UnityMemory] Configuration Parameters - Can be set up in boot.config
    "memorysetup-bucket-allocator-granularity=16"
    "memorysetup-bucket-allocator-bucket-count=8"
    "memorysetup-bucket-allocator-block-size=33554432"
    "memorysetup-bucket-allocator-block-count=8"
    "memorysetup-main-allocator-block-size=16777216"
    "memorysetup-thread-allocator-block-size=16777216"
    "memorysetup-gfx-main-allocator-block-size=16777216"
    "memorysetup-gfx-thread-allocator-block-size=16777216"
    "memorysetup-cache-allocator-block-size=4194304"
    "memorysetup-typetree-allocator-block-size=2097152"
    "memorysetup-profiler-bucket-allocator-granularity=16"
    "memorysetup-profiler-bucket-allocator-bucket-count=8"
    "memorysetup-profiler-bucket-allocator-block-size=33554432"
    "memorysetup-profiler-bucket-allocator-block-count=8"
    "memorysetup-profiler-allocator-block-size=16777216"
    "memorysetup-profiler-editor-allocator-block-size=1048576"
    "memorysetup-temp-allocator-size-main=16777216"
    "memorysetup-job-temp-allocator-block-size=2097152"
    "memorysetup-job-temp-allocator-block-size-background=1048576"
    "memorysetup-job-temp-allocator-reduction-small-platforms=262144"
    "memorysetup-temp-allocator-size-background-worker=32768"
    "memorysetup-temp-allocator-size-job-worker=262144"
    "memorysetup-temp-allocator-size-preload-manager=33554432"
    "memorysetup-temp-allocator-size-nav-mesh-worker=65536"
    "memorysetup-temp-allocator-size-audio-worker=65536"
    "memorysetup-temp-allocator-size-cloud-worker=32768"
    "memorysetup-temp-allocator-size-gi-baking-worker=262144"
    "memorysetup-temp-allocator-size-gfx=262144"
Player connection [20780] Host "[IP] 192.168.0.111 [Port] 0 [Flags] 2 [Guid] 3410965379 [EditorId] 3410965379 [Version] 1048832 [Id] WindowsEditor(7,DESKTOP-H1KQE7O) [Debug] 1 [PackageName] WindowsEditor [ProjectName] Editor" joined multi-casting on [225.0.0.222:54997]...

Player connection [20780] Host "[IP] 192.168.0.111 [Port] 0 [Flags] 2 [Guid] 3410965379 [EditorId] 3410965379 [Version] 1048832 [Id] WindowsEditor(7,DESKTOP-H1KQE7O) [Debug] 1 [PackageName] WindowsEditor [ProjectName] Editor" joined alternative multi-casting on [225.0.0.222:34997]...

Refreshing native plugins compatible for Editor in 105.09 ms, found 3 plugins.
Preloading 0 native plugins for Editor in 0.00 ms.
Initialize engine version: 2021.3.15f1 (e8e88683f834)
[Subsystems] Discovering subsystems at path C:/Program Files/Unity/Hub/Editor/2021.3.15f1/Editor/Data/Resources/UnitySubsystems
[Subsystems] Discovering subsystems at path C:/Users/h4sk1/Documents/GitHub/Diploma/Diploma/Assets
GfxDevice: creating device client; threaded=0; jobified=0
Direct3D:
    Version:  Direct3D 11.0 [level 11.1]
    Renderer: NVIDIA GeForce GTX 1080 Ti (ID=0x1b06)
    Vendor:   NVIDIA
    VRAM:     11127 MB
    Driver:   31.0.15.1694
Initialize mono
Mono path[0] = 'C:/Program Files/Unity/Hub/Editor/2021.3.15f1/Editor/Data/Managed'
Mono path[1] = 'C:/Program Files/Unity/Hub/Editor/2021.3.15f1/Editor/Data/MonoBleedingEdge/lib/mono/unityjit-win32'
Mono config path = 'C:/Program Files/Unity/Hub/Editor/2021.3.15f1/Editor/Data/MonoBleedingEdge/etc'
Using monoOptions --debugger-agent=transport=dt_socket,embedding=1,server=y,suspend=n,address=127.0.0.1:56716
Begin MonoManager ReloadAssembly
Registering precompiled unity dll's ...
Register platform support module: C:/Program Files/Unity/Hub/Editor/2021.3.15f1/Editor/Data/PlaybackEngines/AndroidPlayer/UnityEditor.Android.Extensions.dll
Register platform support module: C:/Program Files/Unity/Hub/Editor/2021.3.15f1/Editor/Data/PlaybackEngines/WindowsStandaloneSupport/UnityEditor.WindowsStandalone.Extensions.dll
Registered in 0.012889 seconds.
Native extension for WindowsStandalone target not found
Native extension for Android target not found
Refreshing native plugins compatible for Editor in 105.15 ms, found 3 plugins.
Preloading 0 native plugins for Editor in 0.00 ms.
Mono: successfully reloaded assembly
- Completed reload, in  0.817 seconds
Domain Reload Profiling:
	ReloadAssembly (817ms)
		BeginReloadAssembly (94ms)
			ExecutionOrderSort (0ms)
			DisableScriptedObjects (0ms)
			BackupInstance (0ms)
			ReleaseScriptingObjects (0ms)
			CreateAndSetChildDomain (1ms)
		EndReloadAssembly (591ms)
			LoadAssemblies (91ms)
			RebuildTransferFunctionScriptingTraits (0ms)
			SetupTypeCache (139ms)
			ReleaseScriptCaches (0ms)
			RebuildScriptCaches (34ms)
			SetupLoadedEditorAssemblies (355ms)
				LogAssemblyErrors (0ms)
				InitializePlatformSupportModulesInManaged (68ms)
				SetLoadedEditorAssemblies (0ms)
				RefreshPlugins (105ms)
				BeforeProcessingInitializeOnLoad (2ms)
				ProcessInitializeOnLoadAttributes (128ms)
				ProcessInitializeOnLoadMethodAttributes (52ms)
				AfterProcessingInitializeOnLoad (0ms)
				EditorAssembliesLoaded (0ms)
			ExecutionOrderSort2 (0ms)
			AwakeInstancesAfterBackupRestoration (0ms)
Platform modules already initialized, skipping
Registering precompiled user dll's ...
Registered in 0.007145 seconds.
Begin MonoManager ReloadAssembly
Symbol file LoadedFromMemory doesn't match image C:\Users\h4sk1\Documents\GitHub\Diploma\Diploma\Library\PackageCache\com.unity.visualscripting@1.7.8\Editor\VisualScripting.Core\Dependencies\YamlDotNet\Unity.VisualScripting.YamlDotNet.dll
Symbol file LoadedFromMemory doesn't match image C:\Users\h4sk1\Documents\GitHub\Diploma\Diploma\Library\PackageCache\com.unity.visualscripting@1.7.8\Editor\VisualScripting.Core\Dependencies\DotNetZip\Unity.VisualScripting.IonicZip.dll
Native extension for WindowsStandalone target not found
Native extension for Android target not found
Refreshing native plugins compatible for Editor in 2.83 ms, found 3 plugins.
Preloading 0 native plugins for Editor in 0.00 ms.
Mono: successfully reloaded assembly
- Completed reload, in  1.669 seconds
Domain Reload Profiling:
	ReloadAssembly (1670ms)
		BeginReloadAssembly (325ms)
			ExecutionOrderSort (0ms)
			DisableScriptedObjects (15ms)
			BackupInstance (0ms)
			ReleaseScriptingObjects (0ms)
			CreateAndSetChildDomain (151ms)
		EndReloadAssembly (1210ms)
			LoadAssemblies (146ms)
			RebuildTransferFunctionScriptingTraits (0ms)
			SetupTypeCache (350ms)
			ReleaseScriptCaches (1ms)
			RebuildScriptCaches (121ms)
			SetupLoadedEditorAssemblies (549ms)
				LogAssemblyErrors (0ms)
				InitializePlatformSupportModulesInManaged (20ms)
				SetLoadedEditorAssemblies (3ms)
				RefreshPlugins (3ms)
				BeforeProcessingInitializeOnLoad (197ms)
				ProcessInitializeOnLoadAttributes (291ms)
				ProcessInitializeOnLoadMethodAttributes (25ms)
				AfterProcessingInitializeOnLoad (10ms)
				EditorAssembliesLoaded (0ms)
			ExecutionOrderSort2 (0ms)
			AwakeInstancesAfterBackupRestoration (6ms)
Platform modules already initialized, skipping
========================================================================
Worker process is ready to serve import requests
Launched and connected shader compiler UnityShaderCompiler.exe after 0.07 seconds
Refreshing native plugins compatible for Editor in 0.56 ms, found 3 plugins.
Preloading 0 native plugins for Editor in 0.00 ms.
Unloading 3581 Unused Serialized files (Serialized files now loaded: 0)
Unloading 40 unused Assets / (184.6 KB). Loaded Objects now: 4040.
Memory consumption went from 125.0 MB to 124.9 MB.
Total: 3.836300 ms (FindLiveObjects: 0.319500 ms CreateObjectMapping: 0.697200 ms MarkObjects: 2.686500 ms  DeleteObjects: 0.131900 ms)

AssetImportParameters requested are different than current active one (requested -> active):
  custom:video-decoder-ogg-theora: a1e56fd34408186e4bbccfd4996cb3dc -> 
  custom:container-muxer-webm: aa71ff27fc2769a1b78a27578f13a17b -> 
  custom:container-demuxer-webm: 4f35f7cbe854078d1ac9338744f61a02 -> 
  custom:video-encoder-webm-vp8: eb34c28f22e8b96e1ab97ce403110664 -> 
  custom:video-codec-MediaFoundation-h265: 746d11721c4dcdbdad8f713fa42b33f4 -> 
  custom:audio-encoder-webm-vorbis: bf7c407c2cedff20999df2af8eb42d56 -> 
  custom:framework-win-MediaFoundation: 216162199b28c13a410421893ffa2e32 -> 
  custom:container-demuxer-ogg: 62fdf1f143b41e24485cea50d1cbac27 -> 
  custom:video-decoder-webm-vp8: 9c59270c3fd7afecdb556c50c9e8de78 -> 
  custom:audio-decoder-ogg-vorbis: bf7c407c2cedff20999df2af8eb42d56 -> 
========================================================================
Received Import Request.
  Time since last request: 52474.855775 seconds.
  path: Assets/Resourses/DialogueData/Trubchik.asset
  artifactKey: Guid(6251eb279e3870f459902255bdb308c4) Importer(815301076,1909f56bfc062723c751e8b465ee728b)
Start importing Assets/Resourses/DialogueData/Trubchik.asset using Guid(6251eb279e3870f459902255bdb308c4) Importer(815301076,1909f56bfc062723c751e8b465ee728b)  -> (artifact id: '5caa2387266b9ad9f8258ea5a766ff47') in 0.035159 seconds 
========================================================================
Received Import Request.
  Time since last request: 0.000021 seconds.
  path: Assets/Resourses/DialogueData/Dubover4.asset
  artifactKey: Guid(81cccab4d1974844b8081d2c6d67b548) Importer(815301076,1909f56bfc062723c751e8b465ee728b)
Start importing Assets/Resourses/DialogueData/Dubover4.asset using Guid(81cccab4d1974844b8081d2c6d67b548) Importer(815301076,1909f56bfc062723c751e8b465ee728b)  -> (artifact id: '106ee49d43435bcd87f5929dc19cdd06') in 0.009029 seconds 
========================================================================
Received Import Request.
  Time since last request: 0.000016 seconds.
  path: Assets/Resourses/DialogueData/Dubover2.asset
  artifactKey: Guid(71ddc475df6cef0478210677c76e77b9) Importer(815301076,1909f56bfc062723c751e8b465ee728b)
Start importing Assets/Resourses/DialogueData/Dubover2.asset using Guid(71ddc475df6cef0478210677c76e77b9) Importer(815301076,1909f56bfc062723c751e8b465ee728b)  -> (artifact id: 'd2d33fa6f3fe043f8c027dc6d38fc9d0') in 0.009470 seconds 
========================================================================
Received Import Request.
  Time since last request: 0.000025 seconds.
  path: Assets/Resourses/DialogueData/Yashina3.asset
  artifactKey: Guid(f12574e487ec114449681931ee85029a) Importer(815301076,1909f56bfc062723c751e8b465ee728b)
Start importing Assets/Resourses/DialogueData/Yashina3.asset using Guid(f12574e487ec114449681931ee85029a) Importer(815301076,1909f56bfc062723c751e8b465ee728b)  -> (artifact id: '8f45358608697c25d7fffc652477ed6d') in 0.008634 seconds 
========================================================================
Received Import Request.
  Time since last request: 0.000034 seconds.
  path: Assets/Resourses/DialogueData/TrubchikAfter.asset
  artifactKey: Guid(e493ccc6e4ac1f146b9dbb55b2f7c2e3) Importer(815301076,1909f56bfc062723c751e8b465ee728b)
Start importing Assets/Resourses/DialogueData/TrubchikAfter.asset using Guid(e493ccc6e4ac1f146b9dbb55b2f7c2e3) Importer(815301076,1909f56bfc062723c751e8b465ee728b)  -> (artifact id: 'ec8a325630c7476203175c724ef6f5ad') in 0.009582 seconds 
========================================================================
Received Import Request.
  Time since last request: 0.000018 seconds.
  path: Assets/Resourses/DialogueData/MediaTV.asset
  artifactKey: Guid(34e717dc6fe09e54a91d27a1a382039f) Importer(815301076,1909f56bfc062723c751e8b465ee728b)
Start importing Assets/Resourses/DialogueData/MediaTV.asset using Guid(34e717dc6fe09e54a91d27a1a382039f) Importer(815301076,1909f56bfc062723c751e8b465ee728b)  -> (artifact id: '2fee4d8e014b3523b86b6ea9511ca85c') in 0.008293 seconds 
========================================================================
Received Import Request.
  Time since last request: 0.000048 seconds.
  path: Assets/Resourses/DialogueData/YashinaEnd.asset
  artifactKey: Guid(762c224a3a4cb3d41ba675f05d3529c2) Importer(815301076,1909f56bfc062723c751e8b465ee728b)
Start importing Assets/Resourses/DialogueData/YashinaEnd.asset using Guid(762c224a3a4cb3d41ba675f05d3529c2) Importer(815301076,1909f56bfc062723c751e8b465ee728b)  -> (artifact id: '3e6eee302c60c3c1ec03a3d1ccf92ecc') in 0.007809 seconds 
========================================================================
Received Import Request.
  Time since last request: 0.000030 seconds.
  path: Assets/Resourses/DialogueData/Yashina2.asset
  artifactKey: Guid(48a493407ed6b4346911eca88e9959f8) Importer(815301076,1909f56bfc062723c751e8b465ee728b)
Start importing Assets/Resourses/DialogueData/Yashina2.asset using Guid(48a493407ed6b4346911eca88e9959f8) Importer(815301076,1909f56bfc062723c751e8b465ee728b)  -> (artifact id: 'ba11127630d483aa9bc0facc5e31d2e8') in 0.008177 seconds 
========================================================================
Received Import Request.
  Time since last request: 152.656463 seconds.
  path: Assets/Resourses/DialogueData/Trubchik.asset
  artifactKey: Guid(6251eb279e3870f459902255bdb308c4) Importer(815301076,1909f56bfc062723c751e8b465ee728b)
Start importing Assets/Resourses/DialogueData/Trubchik.asset using Guid(6251eb279e3870f459902255bdb308c4) Importer(815301076,1909f56bfc062723c751e8b465ee728b)  -> (artifact id: 'c49e5cca9c97ba6be85b3d28c13e15ee') in 0.002776 seconds 
========================================================================
Received Import Request.
  Time since last request: 0.000036 seconds.
  path: Assets/Resourses/DialogueData/Yashina.asset
  artifactKey: Guid(1f309a9ee85b42147b6480a56fec198c) Importer(815301076,1909f56bfc062723c751e8b465ee728b)
Start importing Assets/Resourses/DialogueData/Yashina.asset using Guid(1f309a9ee85b42147b6480a56fec198c) Importer(815301076,1909f56bfc062723c751e8b465ee728b)  -> (artifact id: '5689c5ab8db1cbfa830722e9ae49ac6a') in 0.004883 seconds 
